<?xml version="1.0" encoding="UTF-8"?>
<!-- Generated by org.testng.reporters.JUnitXMLReporter -->
<testsuite hostname="LAPTOP-T074P4I1" ignored="1" name="Test" tests="2" failures="1" timestamp="2023-01-10T08:29:52 IST" time="74.813" errors="0">
  <testcase name="actiLoginScript" time="31.183" classname="scripts.p1">
    <failure type="java.lang.AssertionError" message="null">
      <![CDATA[java.lang.AssertionError: null
at generic.actionUtil.validateTitle(actionUtil.java:56)
at scripts.p1.actiLoginScript(p1.java:16)
at java.util.ArrayList.forEach(Unknown Source)
... Removed 29 stack frames]]>
    </failure>
  </testcase> <!-- actiLoginScript -->
  <testcase name="addUserscript" time="11.543" classname="scripts.p2"/>
  <testcase name="@AfterSuite killDriver" time="0.0" classname="generic.Basetest">
    <ignored/>
  </testcase> <!-- @AfterSuite killDriver -->
</testsuite> <!-- Test -->
