<?xml version="1.0" encoding="UTF-8"?>
<testng-results skipped="0" failed="1" ignored="1" total="3" passed="1">
  <reporter-output>
  </reporter-output>
  <suite name="Suite" duration-ms="74813" started-at="2023-01-10T08:28:37 IST" finished-at="2023-01-10T08:29:52 IST">
    <groups>
    </groups>
    <test name="Test" duration-ms="74813" started-at="2023-01-10T08:28:37 IST" finished-at="2023-01-10T08:29:52 IST">
      <class name="scripts.p2">
        <test-method status="PASS" signature="setpath()[pri:0, instance:scripts.p2@1786f9d5]" name="setpath" is-config="true" duration-ms="1" started-at="2023-01-10T08:29:30 IST" finished-at="2023-01-10T08:29:30 IST">
          <reporter-output>
          </reporter-output>
        </test-method> <!-- setpath -->
        <test-method status="PASS" signature="launch(java.lang.String)[pri:0, instance:scripts.p2@1786f9d5]" name="launch" is-config="true" duration-ms="9399" started-at="2023-01-10T08:29:31 IST" finished-at="2023-01-10T08:29:40 IST">
          <params>
            <param index="0">
              <value>
                <![CDATA[chrome]]>
              </value>
            </param>
          </params>
          <reporter-output>
          </reporter-output>
        </test-method> <!-- launch -->
        <test-method status="PASS" signature="addUserscript(java.lang.String,java.lang.String,java.lang.String,java.lang.String,java.lang.String)[pri:0, instance:scripts.p2@1786f9d5]" name="addUserscript" duration-ms="11543" started-at="2023-01-10T08:29:40 IST" data-provider="createUserData" finished-at="2023-01-10T08:29:52 IST">
          <params>
            <param index="0">
              <value>
                <![CDATA[admin]]>
              </value>
            </param>
            <param index="1">
              <value>
                <![CDATA[manager]]>
              </value>
            </param>
            <param index="2">
              <value>
                <![CDATA[kiran]]>
              </value>
            </param>
            <param index="3">
              <value>
                <![CDATA[sandy]]>
              </value>
            </param>
            <param index="4">
              <value>
                <![CDATA[abc@gmail.com]]>
              </value>
            </param>
          </params>
          <reporter-output>
          </reporter-output>
        </test-method> <!-- addUserscript -->
        <test-method status="PASS" signature="closeBrowser()[pri:0, instance:scripts.p2@1786f9d5]" name="closeBrowser" is-config="true" duration-ms="707" started-at="2023-01-10T08:29:52 IST" finished-at="2023-01-10T08:29:52 IST">
          <reporter-output>
          </reporter-output>
        </test-method> <!-- closeBrowser -->
      </class> <!-- scripts.p2 -->
      <class name="scripts.p1">
        <test-method status="PASS" signature="setpath()[pri:0, instance:scripts.p1@7276c8cd]" name="setpath" is-config="true" duration-ms="8" started-at="2023-01-10T08:28:37 IST" finished-at="2023-01-10T08:28:38 IST">
          <reporter-output>
          </reporter-output>
        </test-method> <!-- setpath -->
        <test-method status="PASS" signature="launch(java.lang.String)[pri:0, instance:scripts.p1@7276c8cd]" name="launch" is-config="true" duration-ms="20337" started-at="2023-01-10T08:28:38 IST" finished-at="2023-01-10T08:28:58 IST">
          <params>
            <param index="0">
              <value>
                <![CDATA[chrome]]>
              </value>
            </param>
          </params>
          <reporter-output>
          </reporter-output>
        </test-method> <!-- launch -->
        <test-method status="FAIL" signature="actiLoginScript()[pri:0, instance:scripts.p1@7276c8cd]" name="actiLoginScript" duration-ms="31183" started-at="2023-01-10T08:28:58 IST" finished-at="2023-01-10T08:29:29 IST">
          <exception class="java.lang.AssertionError">
            <message>
              <![CDATA[null]]>
            </message>
            <full-stacktrace>
              <![CDATA[java.lang.AssertionError: null
at org.testng.Assert.fail(Assert.java:99)
at org.testng.Assert.fail(Assert.java:106)
at generic.actionUtil.validateTitle(actionUtil.java:56)
at scripts.p1.actiLoginScript(p1.java:16)
at sun.reflect.NativeMethodAccessorImpl.invoke0(Native Method)
at sun.reflect.NativeMethodAccessorImpl.invoke(Unknown Source)
at sun.reflect.DelegatingMethodAccessorImpl.invoke(Unknown Source)
at java.lang.reflect.Method.invoke(Unknown Source)
at org.testng.internal.MethodInvocationHelper.invokeMethod(MethodInvocationHelper.java:133)
at org.testng.internal.TestInvoker.invokeMethod(TestInvoker.java:598)
at org.testng.internal.TestInvoker.invokeTestMethod(TestInvoker.java:173)
at org.testng.internal.MethodRunner.runInSequence(MethodRunner.java:46)
at org.testng.internal.TestInvoker$MethodInvocationAgent.invoke(TestInvoker.java:824)
at org.testng.internal.TestInvoker.invokeTestMethods(TestInvoker.java:146)
at org.testng.internal.TestMethodWorker.invokeTestMethods(TestMethodWorker.java:146)
at org.testng.internal.TestMethodWorker.run(TestMethodWorker.java:128)
at java.util.ArrayList.forEach(Unknown Source)
at org.testng.TestRunner.privateRun(TestRunner.java:794)
at org.testng.TestRunner.run(TestRunner.java:596)
at org.testng.SuiteRunner.runTest(SuiteRunner.java:377)
at org.testng.SuiteRunner.runSequentially(SuiteRunner.java:371)
at org.testng.SuiteRunner.privateRun(SuiteRunner.java:332)
at org.testng.SuiteRunner.run(SuiteRunner.java:276)
at org.testng.SuiteRunnerWorker.runSuite(SuiteRunnerWorker.java:53)
at org.testng.SuiteRunnerWorker.run(SuiteRunnerWorker.java:96)
at org.testng.TestNG.runSuitesSequentially(TestNG.java:1212)
at org.testng.TestNG.runSuitesLocally(TestNG.java:1134)
at org.testng.TestNG.runSuites(TestNG.java:1063)
at org.testng.TestNG.run(TestNG.java:1031)
at org.testng.remote.AbstractRemoteTestNG.run(AbstractRemoteTestNG.java:115)
at org.testng.remote.RemoteTestNG.initAndRun(RemoteTestNG.java:251)
at org.testng.remote.RemoteTestNG.main(RemoteTestNG.java:77)
]]>
            </full-stacktrace>
          </exception> <!-- java.lang.AssertionError -->
          <reporter-output>
          </reporter-output>
        </test-method> <!-- actiLoginScript -->
        <test-method status="PASS" signature="closeBrowser()[pri:0, instance:scripts.p1@7276c8cd]" name="closeBrowser" is-config="true" duration-ms="759" started-at="2023-01-10T08:29:29 IST" finished-at="2023-01-10T08:29:30 IST">
          <reporter-output>
          </reporter-output>
        </test-method> <!-- closeBrowser -->
        <test-method status="PASS" signature="killDriver()[pri:0, instance:scripts.p1@7276c8cd]" name="killDriver" is-config="true" duration-ms="187" started-at="2023-01-10T08:29:52 IST" finished-at="2023-01-10T08:29:53 IST">
          <reporter-output>
          </reporter-output>
        </test-method> <!-- killDriver -->
      </class> <!-- scripts.p1 -->
    </test> <!-- Test -->
  </suite> <!-- Suite -->
</testng-results>
